# JRE version: Java(TM) SE Runtime Environment (8.0_77-b03) (build 1.8.0_77-b03)
# Java VM: Java HotSpot(TM) 64-Bit Server VM (25.77-b03 mixed mode linux-amd64 compressed oops)
Heap:
 PSYoungGen      total 416256K, used 19469K [0x00000000d7580000, 0x00000000f1f80000, 0x0000000100000000)
  eden space 397312K, 1% used [0x00000000d7580000,0x00000000d7a564d0,0x00000000ef980000)
  from space 18944K, 76% used [0x00000000f0d00000,0x00000000f1b2d1b0,0x00000000f1f80000)
  to   space 19456K, 0% used [0x00000000ef980000,0x00000000ef980000,0x00000000f0c80000)
 ParOldGen       total 86528K, used 22527K [0x0000000086000000, 0x000000008b480000, 0x00000000d7580000)
  object space 86528K, 26% used [0x0000000086000000,0x00000000875ffc28,0x000000008b480000)
 Metaspace       used 52165K, capacity 52588K, committed 52696K, reserved 1093632K
  class space    used 7501K, capacity 7629K, committed 7680K, reserved 1048576K
GC Heap History (10 events):
Event: 59.865 GC heap before
{Heap before GC invocations=40 (full 2):
 PSYoungGen      total 353280K, used 344931K [0x00000000d7580000, 0x00000000ef380000, 0x0000000100000000)
  eden space 332800K, 100% used [0x00000000d7580000,0x00000000eba80000,0x00000000eba80000)
  from space 20480K, 59% used [0x00000000eba80000,0x00000000ec658df8,0x00000000ece80000)
  to   space 19456K, 0% used [0x00000000ee080000,0x00000000ee080000,0x00000000ef380000)
 ParOldGen       total 86528K, used 21645K [0x0000000086000000, 0x000000008b480000, 0x00000000d7580000)
  object space 86528K, 25% used [0x0000000086000000,0x0000000087523728,0x000000008b480000)
 Metaspace       used 52095K, capacity 52518K, committed 52696K, reserved 1093632K
  class space    used 7500K, capacity 7628K, committed 7680K, reserved 1048576K
Event: 59.891 GC heap after
Heap after GC invocations=40 (full 2):
 PSYoungGen      total 371712K, used 13632K [0x00000000d7580000, 0x00000000ef380000, 0x0000000100000000)
  eden space 352256K, 0% used [0x00000000d7580000,0x00000000d7580000,0x00000000ecd80000)
  from space 19456K, 70% used [0x00000000ee080000,0x00000000eedd0328,0x00000000ef380000)
  to   space 19456K, 0% used [0x00000000ecd80000,0x00000000ecd80000,0x00000000ee080000)
 ParOldGen       total 86528K, used 21790K [0x0000000086000000, 0x000000008b480000, 0x00000000d7580000)
  object space 86528K, 25% used [0x0000000086000000,0x0000000087547808,0x000000008b480000)
 Metaspace       used 52095K, capacity 52518K, committed 52696K, reserved 1093632K
  class space    used 7500K, capacity 7628K, committed 7680K, reserved 1048576K
}
Event: 62.625 GC heap before
{Heap before GC invocations=41 (full 2):
 PSYoungGen      total 371712K, used 365888K [0x00000000d7580000, 0x00000000ef380000, 0x0000000100000000)
  eden space 352256K, 100% used [0x00000000d7580000,0x00000000ecd80000,0x00000000ecd80000)
  from space 19456K, 70% used [0x00000000ee080000,0x00000000eedd0328,0x00000000ef380000)
  to   space 19456K, 0% used [0x00000000ecd80000,0x00000000ecd80000,0x00000000ee080000)
 ParOldGen       total 86528K, used 21790K [0x0000000086000000, 0x000000008b480000, 0x00000000d7580000)
  object space 86528K, 25% used [0x0000000086000000,0x0000000087547808,0x000000008b480000)
 Metaspace       used 52104K, capacity 52518K, committed 52696K, reserved 1093632K
  class space    used 7500K, capacity 7628K, committed 7680K, reserved 1048576K
Event: 62.658 GC heap after
Heap after GC invocations=41 (full 2):
 PSYoungGen      total 371712K, used 13120K [0x00000000d7580000, 0x00000000f0800000, 0x0000000100000000)
  eden space 352256K, 0% used [0x00000000d7580000,0x00000000d7580000,0x00000000ecd80000)
  from space 19456K, 67% used [0x00000000ecd80000,0x00000000eda50050,0x00000000ee080000)
  to   space 18944K, 0% used [0x00000000ef580000,0x00000000ef580000,0x00000000f0800000)
 ParOldGen       total 86528K, used 22094K [0x0000000086000000, 0x000000008b480000, 0x00000000d7580000)
  object space 86528K, 25% used [0x0000000086000000,0x0000000087593908,0x000000008b480000)
 Metaspace       used 52104K, capacity 52518K, committed 52696K, reserved 1093632K
  class space    used 7500K, capacity 7628K, committed 7680K, reserved 1048576K
}
Event: 65.664 GC heap before
{Heap before GC invocations=42 (full 2):
 PSYoungGen      total 371712K, used 365376K [0x00000000d7580000, 0x00000000f0800000, 0x0000000100000000)
  eden space 352256K, 100% used [0x00000000d7580000,0x00000000ecd80000,0x00000000ecd80000)
  from space 19456K, 67% used [0x00000000ecd80000,0x00000000eda50050,0x00000000ee080000)
  to   space 18944K, 0% used [0x00000000ef580000,0x00000000ef580000,0x00000000f0800000)
 ParOldGen       total 86528K, used 22094K [0x0000000086000000, 0x000000008b480000, 0x00000000d7580000)
  object space 86528K, 25% used [0x0000000086000000,0x0000000087593908,0x000000008b480000)
 Metaspace       used 52119K, capacity 52518K, committed 52696K, reserved 1093632K
  class space    used 7500K, capacity 7628K, committed 7680K, reserved 1048576K
Event: 65.728 GC heap after
Heap after GC invocations=42 (full 2):
 PSYoungGen      total 393216K, used 13669K [0x00000000d7580000, 0x00000000f0c80000, 0x0000000100000000)
  eden space 374272K, 0% used [0x00000000d7580000,0x00000000d7580000,0x00000000ee300000)
  from space 18944K, 72% used [0x00000000ef580000,0x00000000f02d9618,0x00000000f0800000)
  to   space 18944K, 0% used [0x00000000ee300000,0x00000000ee300000,0x00000000ef580000)
 ParOldGen       total 86528K, used 22242K [0x0000000086000000, 0x000000008b480000, 0x00000000d7580000)
  object space 86528K, 25% used [0x0000000086000000,0x00000000875b8a18,0x000000008b480000)
 Metaspace       used 52119K, capacity 52518K, committed 52696K, reserved 1093632K
  class space    used 7500K, capacity 7628K, committed 7680K, reserved 1048576K
}
Event: 68.808 GC heap before
{Heap before GC invocations=43 (full 2):
 PSYoungGen      total 393216K, used 387735K [0x00000000d7580000, 0x00000000f0c80000, 0x0000000100000000)
  eden space 374272K, 99% used [0x00000000d7580000,0x00000000ee2cc790,0x00000000ee300000)
  from space 18944K, 72% used [0x00000000ef580000,0x00000000f02d9618,0x00000000f0800000)
  to   space 18944K, 0% used [0x00000000ee300000,0x00000000ee300000,0x00000000ef580000)
 ParOldGen       total 86528K, used 22242K [0x0000000086000000, 0x000000008b480000, 0x00000000d7580000)
  object space 86528K, 25% used [0x0000000086000000,0x00000000875b8a18,0x000000008b480000)
 Metaspace       used 52124K, capacity 52518K, committed 52696K, reserved 1093632K
  class space    used 7500K, capacity 7628K, committed 7680K, reserved 1048576K
Event: 68.835 GC heap after
Heap after GC invocations=43 (full 2):
 PSYoungGen      total 393216K, used 14861K [0x00000000d7580000, 0x00000000f2000000, 0x0000000100000000)
  eden space 374272K, 0% used [0x00000000d7580000,0x00000000d7580000,0x00000000ee300000)
  from space 18944K, 78% used [0x00000000ee300000,0x00000000ef183650,0x00000000ef580000)
  to   space 19456K, 0% used [0x00000000f0d00000,0x00000000f0d00000,0x00000000f2000000)
 ParOldGen       total 86528K, used 22370K [0x0000000086000000, 0x000000008b480000, 0x00000000d7580000)
  object space 86528K, 25% used [0x0000000086000000,0x00000000875d8b18,0x000000008b480000)
 Metaspace       used 52124K, capacity 52518K, committed 52696K, reserved 1093632K
  class space    used 7500K, capacity 7628K, committed 7680K, reserved 1048576K
}
Event: 73.471 GC heap before
{Heap before GC invocations=44 (full 2):
 PSYoungGen      total 393216K, used 389133K [0x00000000d7580000, 0x00000000f2000000, 0x0000000100000000)
  eden space 374272K, 100% used [0x00000000d7580000,0x00000000ee300000,0x00000000ee300000)
  from space 18944K, 78% used [0x00000000ee300000,0x00000000ef183650,0x00000000ef580000)
  to   space 19456K, 0% used [0x00000000f0d00000,0x00000000f0d00000,0x00000000f2000000)
 ParOldGen       total 86528K, used 22370K [0x0000000086000000, 0x000000008b480000, 0x00000000d7580000)
  object space 86528K, 25% used [0x0000000086000000,0x00000000875d8b18,0x000000008b480000)
 Metaspace       used 52165K, capacity 52588K, committed 52696K, reserved 1093632K
  class space    used 7501K, capacity 7629K, committed 7680K, reserved 1048576K
Event: 73.515 GC heap after
Heap after GC invocations=44 (full 2):
 PSYoungGen      total 416256K, used 14516K [0x00000000d7580000, 0x00000000f1f80000, 0x0000000100000000)
  eden space 397312K, 0% used [0x00000000d7580000,0x00000000d7580000,0x00000000ef980000)
  from space 18944K, 76% used [0x00000000f0d00000,0x00000000f1b2d1b0,0x00000000f1f80000)
  to   space 19456K, 0% used [0x00000000ef980000,0x00000000ef980000,0x00000000f0c80000)
 ParOldGen       total 86528K, used 22527K [0x0000000086000000, 0x000000008b480000, 0x00000000d7580000)
  object space 86528K, 26% used [0x0000000086000000,0x00000000875ffc28,0x000000008b480000)
 Metaspace       used 52165K, capacity 52588K, committed 52696K, reserved 1093632K
  class space    used 7501K, capacity 7629K, committed 7680K, reserved 1048576K
}

