# JRE version: Java(TM) SE Runtime Environment (8.0_77-b03) (build 1.8.0_77-b03)
# Java VM: Java HotSpot(TM) 64-Bit Server VM (25.77-b03 mixed mode linux-amd64 compressed oops)
Heap:
 PSYoungGen      total 172544K, used 7142K [0x00000000d7580000, 0x00000000e4680000, 0x0000000100000000)
  eden space 165376K, 0% used [0x00000000d7580000,0x00000000d7580878,0x00000000e1700000)
  from space 7168K, 99% used [0x00000000e3f80000,0x00000000e4679168,0x00000000e4680000)
  to   space 12288K, 0% used [0x00000000e2e80000,0x00000000e2e80000,0x00000000e3a80000)
 ParOldGen       total 77824K, used 16596K [0x0000000086000000, 0x000000008ac00000, 0x00000000d7580000)
  object space 77824K, 21% used [0x0000000086000000,0x0000000087035378,0x000000008ac00000)
 Metaspace       used 50815K, capacity 51236K, committed 51544K, reserved 1093632K
  class space    used 7300K, capacity 7431K, committed 7552K, reserved 1048576K
GC Heap History (10 events):
Event: 137.540 GC heap before
{Heap before GC invocations=20 (full 2):
 PSYoungGen      total 206848K, used 206415K [0x00000000d7580000, 0x00000000e5900000, 0x0000000100000000)
  eden space 198656K, 99% used [0x00000000d7580000,0x00000000e376bde8,0x00000000e3780000)
  from space 8192K, 95% used [0x00000000e4700000,0x00000000e4ea80e0,0x00000000e4f00000)
  to   space 10240K, 0% used [0x00000000e4f00000,0x00000000e4f00000,0x00000000e5900000)
 ParOldGen       total 77824K, used 16364K [0x0000000086000000, 0x000000008ac00000, 0x00000000d7580000)
  object space 77824K, 21% used [0x0000000086000000,0x0000000086ffb378,0x000000008ac00000)
 Metaspace       used 50615K, capacity 51020K, committed 51544K, reserved 1093632K
  class space    used 7289K, capacity 7427K, committed 7552K, reserved 1048576K
Event: 137.546 GC heap after
Heap after GC invocations=20 (full 2):
 PSYoungGen      total 199680K, used 7909K [0x00000000d7580000, 0x00000000e5700000, 0x0000000100000000)
  eden space 191488K, 0% used [0x00000000d7580000,0x00000000d7580000,0x00000000e3080000)
  from space 8192K, 96% used [0x00000000e4f00000,0x00000000e56b9400,0x00000000e5700000)
  to   space 12800K, 0% used [0x00000000e3e00000,0x00000000e3e00000,0x00000000e4a80000)
 ParOldGen       total 77824K, used 16372K [0x0000000086000000, 0x000000008ac00000, 0x00000000d7580000)
  object space 77824K, 21% used [0x0000000086000000,0x0000000086ffd378,0x000000008ac00000)
 Metaspace       used 50615K, capacity 51020K, committed 51544K, reserved 1093632K
  class space    used 7289K, capacity 7427K, committed 7552K, reserved 1048576K
}
Event: 160.732 GC heap before
{Heap before GC invocations=21 (full 2):
 PSYoungGen      total 199680K, used 199397K [0x00000000d7580000, 0x00000000e5700000, 0x0000000100000000)
  eden space 191488K, 100% used [0x00000000d7580000,0x00000000e3080000,0x00000000e3080000)
  from space 8192K, 96% used [0x00000000e4f00000,0x00000000e56b9400,0x00000000e5700000)
  to   space 12800K, 0% used [0x00000000e3e00000,0x00000000e3e00000,0x00000000e4a80000)
 ParOldGen       total 77824K, used 16372K [0x0000000086000000, 0x000000008ac00000, 0x00000000d7580000)
  object space 77824K, 21% used [0x0000000086000000,0x0000000086ffd378,0x000000008ac00000)
 Metaspace       used 50704K, capacity 51160K, committed 51544K, reserved 1093632K
  class space    used 7299K, capacity 7429K, committed 7552K, reserved 1048576K
Event: 160.737 GC heap after
Heap after GC invocations=21 (full 2):
 PSYoungGen      total 192512K, used 7914K [0x00000000d7580000, 0x00000000e4f80000, 0x0000000100000000)
  eden space 184320K, 0% used [0x00000000d7580000,0x00000000d7580000,0x00000000e2980000)
  from space 8192K, 96% used [0x00000000e3e00000,0x00000000e45ba8c0,0x00000000e4600000)
  to   space 9728K, 0% used [0x00000000e4600000,0x00000000e4600000,0x00000000e4f80000)
 ParOldGen       total 77824K, used 16372K [0x0000000086000000, 0x000000008ac00000, 0x00000000d7580000)
  object space 77824K, 21% used [0x0000000086000000,0x0000000086ffd378,0x000000008ac00000)
 Metaspace       used 50704K, capacity 51160K, committed 51544K, reserved 1093632K
  class space    used 7299K, capacity 7429K, committed 7552K, reserved 1048576K
}
Event: 173.813 GC heap before
{Heap before GC invocations=22 (full 2):
 PSYoungGen      total 192512K, used 191581K [0x00000000d7580000, 0x00000000e4f80000, 0x0000000100000000)
  eden space 184320K, 99% used [0x00000000d7580000,0x00000000e28dcc08,0x00000000e2980000)
  from space 8192K, 96% used [0x00000000e3e00000,0x00000000e45ba8c0,0x00000000e4600000)
  to   space 9728K, 0% used [0x00000000e4600000,0x00000000e4600000,0x00000000e4f80000)
 ParOldGen       total 77824K, used 16372K [0x0000000086000000, 0x000000008ac00000, 0x00000000d7580000)
  object space 77824K, 21% used [0x0000000086000000,0x0000000086ffd378,0x000000008ac00000)
 Metaspace       used 50732K, capacity 51172K, committed 51544K, reserved 1093632K
  class space    used 7300K, capacity 7431K, committed 7552K, reserved 1048576K
Event: 173.819 GC heap after
Heap after GC invocations=22 (full 2):
 PSYoungGen      total 187392K, used 9395K [0x00000000d7580000, 0x00000000e4f80000, 0x0000000100000000)
  eden space 177664K, 0% used [0x00000000d7580000,0x00000000d7580000,0x00000000e2300000)
  from space 9728K, 96% used [0x00000000e4600000,0x00000000e4f2cef8,0x00000000e4f80000)
  to   space 12288K, 0% used [0x00000000e3780000,0x00000000e3780000,0x00000000e4380000)
 ParOldGen       total 77824K, used 16380K [0x0000000086000000, 0x000000008ac00000, 0x00000000d7580000)
  object space 77824K, 21% used [0x0000000086000000,0x0000000086fff378,0x000000008ac00000)
 Metaspace       used 50732K, capacity 51172K, committed 51544K, reserved 1093632K
  class space    used 7300K, capacity 7431K, committed 7552K, reserved 1048576K
}
Event: 185.860 GC heap before
{Heap before GC invocations=23 (full 2):
 PSYoungGen      total 187392K, used 186761K [0x00000000d7580000, 0x00000000e4f80000, 0x0000000100000000)
  eden space 177664K, 99% used [0x00000000d7580000,0x00000000e22b5538,0x00000000e2300000)
  from space 9728K, 96% used [0x00000000e4600000,0x00000000e4f2cef8,0x00000000e4f80000)
  to   space 12288K, 0% used [0x00000000e3780000,0x00000000e3780000,0x00000000e4380000)
 ParOldGen       total 77824K, used 16380K [0x0000000086000000, 0x000000008ac00000, 0x00000000d7580000)
  object space 77824K, 21% used [0x0000000086000000,0x0000000086fff378,0x000000008ac00000)
 Metaspace       used 50791K, capacity 51172K, committed 51544K, reserved 1093632K
  class space    used 7300K, capacity 7431K, committed 7552K, reserved 1048576K
Event: 185.865 GC heap after
Heap after GC invocations=23 (full 2):
 PSYoungGen      total 179712K, used 8036K [0x00000000d7580000, 0x00000000e4680000, 0x0000000100000000)
  eden space 171520K, 0% used [0x00000000d7580000,0x00000000d7580000,0x00000000e1d00000)
  from space 8192K, 98% used [0x00000000e3780000,0x00000000e3f59048,0x00000000e3f80000)
  to   space 7168K, 0% used [0x00000000e3f80000,0x00000000e3f80000,0x00000000e4680000)
 ParOldGen       total 77824K, used 16388K [0x0000000086000000, 0x000000008ac00000, 0x00000000d7580000)
  object space 77824K, 21% used [0x0000000086000000,0x0000000087001378,0x000000008ac00000)
 Metaspace       used 50791K, capacity 51172K, committed 51544K, reserved 1093632K
  class space    used 7300K, capacity 7431K, committed 7552K, reserved 1048576K
}
Event: 198.143 GC heap before
{Heap before GC invocations=24 (full 2):
 PSYoungGen      total 179712K, used 179556K [0x00000000d7580000, 0x00000000e4680000, 0x0000000100000000)
  eden space 171520K, 100% used [0x00000000d7580000,0x00000000e1d00000,0x00000000e1d00000)
  from space 8192K, 98% used [0x00000000e3780000,0x00000000e3f59048,0x00000000e3f80000)
  to   space 7168K, 0% used [0x00000000e3f80000,0x00000000e3f80000,0x00000000e4680000)
 ParOldGen       total 77824K, used 16388K [0x0000000086000000, 0x000000008ac00000, 0x00000000d7580000)
  object space 77824K, 21% used [0x0000000086000000,0x0000000087001378,0x000000008ac00000)
 Metaspace       used 50815K, capacity 51236K, committed 51544K, reserved 1093632K
  class space    used 7300K, capacity 7431K, committed 7552K, reserved 1048576K
Event: 198.148 GC heap after
Heap after GC invocations=24 (full 2):
 PSYoungGen      total 172544K, used 7140K [0x00000000d7580000, 0x00000000e4680000, 0x0000000100000000)
  eden space 165376K, 0% used [0x00000000d7580000,0x00000000d7580000,0x00000000e1700000)
  from space 7168K, 99% used [0x00000000e3f80000,0x00000000e4679168,0x00000000e4680000)
  to   space 12288K, 0% used [0x00000000e2e80000,0x00000000e2e80000,0x00000000e3a80000)
 ParOldGen       total 77824K, used 16596K [0x0000000086000000, 0x000000008ac00000, 0x00000000d7580000)
  object space 77824K, 21% used [0x0000000086000000,0x0000000087035378,0x000000008ac00000)
 Metaspace       used 50815K, capacity 51236K, committed 51544K, reserved 1093632K
  class space    used 7300K, capacity 7431K, committed 7552K, reserved 1048576K
}

