# JRE version: Java(TM) SE Runtime Environment (8.0_77-b03) (build 1.8.0_77-b03)
# Java VM: Java HotSpot(TM) 64-Bit Server VM (25.77-b03 mixed mode linux-amd64 compressed oops)
Heap:
 PSYoungGen      total 352256K, used 18304K [0x00000000d7580000, 0x00000000efb00000, 0x0000000100000000)
  eden space 334336K, 1% used [0x00000000d7580000,0x00000000d7b43308,0x00000000ebc00000)
  from space 17920K, 69% used [0x00000000ebc00000,0x00000000ec81d018,0x00000000ecd80000)
  to   space 17920K, 0% used [0x00000000ee980000,0x00000000ee980000,0x00000000efb00000)
 ParOldGen       total 406016K, used 55229K [0x0000000086000000, 0x000000009ec80000, 0x00000000d7580000)
  object space 406016K, 13% used [0x0000000086000000,0x00000000895ef608,0x000000009ec80000)
 Metaspace       used 44921K, capacity 45350K, committed 45656K, reserved 1087488K
  class space    used 6804K, capacity 6924K, committed 7040K, reserved 1048576K
GC Heap History (10 events):
Event: 81.120 GC heap before
{Heap before GC invocations=43 (full 5):
 PSYoungGen      total 308736K, used 301303K [0x00000000d7580000, 0x00000000ec780000, 0x0000000100000000)
  eden space 291328K, 100% used [0x00000000d7580000,0x00000000e9200000,0x00000000e9200000)
  from space 17408K, 57% used [0x00000000e9200000,0x00000000e9bbdf48,0x00000000ea300000)
  to   space 16896K, 0% used [0x00000000eb700000,0x00000000eb700000,0x00000000ec780000)
 ParOldGen       total 314368K, used 54796K [0x0000000086000000, 0x0000000099300000, 0x00000000d7580000)
  object space 314368K, 17% used [0x0000000086000000,0x0000000089583178,0x0000000099300000)
 Metaspace       used 43657K, capacity 44056K, committed 44376K, reserved 1087488K
  class space    used 6603K, capacity 6729K, committed 6784K, reserved 1048576K
Event: 81.151 GC heap after
Heap after GC invocations=43 (full 5):
 PSYoungGen      total 329216K, used 11911K [0x00000000d7580000, 0x00000000ec900000, 0x0000000100000000)
  eden space 312320K, 0% used [0x00000000d7580000,0x00000000d7580000,0x00000000ea680000)
  from space 16896K, 70% used [0x00000000eb700000,0x00000000ec2a1cb8,0x00000000ec780000)
  to   space 16896K, 0% used [0x00000000ea680000,0x00000000ea680000,0x00000000eb700000)
 ParOldGen       total 314368K, used 172902K [0x0000000086000000, 0x0000000099300000, 0x00000000d7580000)
  object space 314368K, 55% used [0x0000000086000000,0x00000000908d99b8,0x0000000099300000)
 Metaspace       used 43657K, capacity 44056K, committed 44376K, reserved 1087488K
  class space    used 6603K, capacity 6729K, committed 6784K, reserved 1048576K
}
Event: 87.773 GC heap before
{Heap before GC invocations=44 (full 5):
 PSYoungGen      total 329216K, used 324231K [0x00000000d7580000, 0x00000000ec900000, 0x0000000100000000)
  eden space 312320K, 100% used [0x00000000d7580000,0x00000000ea680000,0x00000000ea680000)
  from space 16896K, 70% used [0x00000000eb700000,0x00000000ec2a1cb8,0x00000000ec780000)
  to   space 16896K, 0% used [0x00000000ea680000,0x00000000ea680000,0x00000000eb700000)
 ParOldGen       total 314368K, used 172902K [0x0000000086000000, 0x0000000099300000, 0x00000000d7580000)
  object space 314368K, 55% used [0x0000000086000000,0x00000000908d99b8,0x0000000099300000)
 Metaspace       used 43674K, capacity 44132K, committed 44376K, reserved 1087488K
  class space    used 6604K, capacity 6731K, committed 6784K, reserved 1048576K
Event: 87.801 GC heap after
Heap after GC invocations=44 (full 5):
 PSYoungGen      total 329216K, used 14771K [0x00000000d7580000, 0x00000000edf00000, 0x0000000100000000)
  eden space 312320K, 0% used [0x00000000d7580000,0x00000000d7580000,0x00000000ea680000)
  from space 16896K, 87% used [0x00000000ea680000,0x00000000eb4ecdd0,0x00000000eb700000)
  to   space 17920K, 0% used [0x00000000ecd80000,0x00000000ecd80000,0x00000000edf00000)
 ParOldGen       total 314368K, used 172910K [0x0000000086000000, 0x0000000099300000, 0x00000000d7580000)
  object space 314368K, 55% used [0x0000000086000000,0x00000000908db9b8,0x0000000099300000)
 Metaspace       used 43674K, capacity 44132K, committed 44376K, reserved 1087488K
  class space    used 6604K, capacity 6731K, committed 6784K, reserved 1048576K
}
Event: 92.630 GC heap before
{Heap before GC invocations=45 (full 5):
 PSYoungGen      total 329216K, used 327091K [0x00000000d7580000, 0x00000000edf00000, 0x0000000100000000)
  eden space 312320K, 100% used [0x00000000d7580000,0x00000000ea680000,0x00000000ea680000)
  from space 16896K, 87% used [0x00000000ea680000,0x00000000eb4ecdd0,0x00000000eb700000)
  to   space 17920K, 0% used [0x00000000ecd80000,0x00000000ecd80000,0x00000000edf00000)
 ParOldGen       total 314368K, used 172910K [0x0000000086000000, 0x0000000099300000, 0x00000000d7580000)
  object space 314368K, 55% used [0x0000000086000000,0x00000000908db9b8,0x0000000099300000)
 Metaspace       used 43731K, capacity 44132K, committed 44376K, reserved 1087488K
  class space    used 6604K, capacity 6731K, committed 6784K, reserved 1048576K
Event: 92.728 GC heap after
Heap after GC invocations=45 (full 5):
 PSYoungGen      total 352256K, used 12324K [0x00000000d7580000, 0x00000000ee600000, 0x0000000100000000)
  eden space 334336K, 0% used [0x00000000d7580000,0x00000000d7580000,0x00000000ebc00000)
  from space 17920K, 68% used [0x00000000ecd80000,0x00000000ed989008,0x00000000edf00000)
  to   space 17920K, 0% used [0x00000000ebc00000,0x00000000ebc00000,0x00000000ecd80000)
 ParOldGen       total 314368K, used 291016K [0x0000000086000000, 0x0000000099300000, 0x00000000d7580000)
  object space 314368K, 92% used [0x0000000086000000,0x0000000097c321f8,0x0000000099300000)
 Metaspace       used 43731K, capacity 44132K, committed 44376K, reserved 1087488K
  class space    used 6604K, capacity 6731K, committed 6784K, reserved 1048576K
}
Event: 92.729 GC heap before
{Heap before GC invocations=46 (full 6):
 PSYoungGen      total 352256K, used 12324K [0x00000000d7580000, 0x00000000ee600000, 0x0000000100000000)
  eden space 334336K, 0% used [0x00000000d7580000,0x00000000d7580000,0x00000000ebc00000)
  from space 17920K, 68% used [0x00000000ecd80000,0x00000000ed989008,0x00000000edf00000)
  to   space 17920K, 0% used [0x00000000ebc00000,0x00000000ebc00000,0x00000000ecd80000)
 ParOldGen       total 314368K, used 291016K [0x0000000086000000, 0x0000000099300000, 0x00000000d7580000)
  object space 314368K, 92% used [0x0000000086000000,0x0000000097c321f8,0x0000000099300000)
 Metaspace       used 43731K, capacity 44132K, committed 44376K, reserved 1087488K
  class space    used 6604K, capacity 6731K, committed 6784K, reserved 1048576K
Event: 92.793 GC heap after
Heap after GC invocations=46 (full 6):
 PSYoungGen      total 352256K, used 0K [0x00000000d7580000, 0x00000000ee600000, 0x0000000100000000)
  eden space 334336K, 0% used [0x00000000d7580000,0x00000000d7580000,0x00000000ebc00000)
  from space 17920K, 0% used [0x00000000ecd80000,0x00000000ecd80000,0x00000000edf00000)
  to   space 17920K, 0% used [0x00000000ebc00000,0x00000000ebc00000,0x00000000ecd80000)
 ParOldGen       total 406016K, used 55229K [0x0000000086000000, 0x000000009ec80000, 0x00000000d7580000)
  object space 406016K, 13% used [0x0000000086000000,0x00000000895ef608,0x000000009ec80000)
 Metaspace       used 43731K, capacity 44132K, committed 44376K, reserved 1087488K
  class space    used 6604K, capacity 6731K, committed 6784K, reserved 1048576K
}
Event: 99.242 GC heap before
{Heap before GC invocations=47 (full 6):
 PSYoungGen      total 352256K, used 334336K [0x00000000d7580000, 0x00000000ee600000, 0x0000000100000000)
  eden space 334336K, 100% used [0x00000000d7580000,0x00000000ebc00000,0x00000000ebc00000)
  from space 17920K, 0% used [0x00000000ecd80000,0x00000000ecd80000,0x00000000edf00000)
  to   space 17920K, 0% used [0x00000000ebc00000,0x00000000ebc00000,0x00000000ecd80000)
 ParOldGen       total 406016K, used 55229K [0x0000000086000000, 0x000000009ec80000, 0x00000000d7580000)
  object space 406016K, 13% used [0x0000000086000000,0x00000000895ef608,0x000000009ec80000)
 Metaspace       used 44921K, capacity 45350K, committed 45656K, reserved 1087488K
  class space    used 6804K, capacity 6924K, committed 7040K, reserved 1048576K
Event: 99.265 GC heap after
Heap after GC invocations=47 (full 6):
 PSYoungGen      total 352256K, used 12404K [0x00000000d7580000, 0x00000000efb00000, 0x0000000100000000)
  eden space 334336K, 0% used [0x00000000d7580000,0x00000000d7580000,0x00000000ebc00000)
  from space 17920K, 69% used [0x00000000ebc00000,0x00000000ec81d018,0x00000000ecd80000)
  to   space 17920K, 0% used [0x00000000ee980000,0x00000000ee980000,0x00000000efb00000)
 ParOldGen       total 406016K, used 55229K [0x0000000086000000, 0x000000009ec80000, 0x00000000d7580000)
  object space 406016K, 13% used [0x0000000086000000,0x00000000895ef608,0x000000009ec80000)
 Metaspace       used 44921K, capacity 45350K, committed 45656K, reserved 1087488K
  class space    used 6804K, capacity 6924K, committed 7040K, reserved 1048576K
}

